<?xml version="1.0" encoding="UTF-8"?>
<!-- Generated by org.testng.reporters.JUnitReportReporter -->
<testsuite skipped="6" hostname="LAPTOP-V2REIEHL" name="com.KickOff.TestCases.HomePageTest" tests="7" failures="0" timestamp="03 May 2021 09:15:52 GMT" time="88.341" errors="1">
  <testcase name="NewCustomerDetailPage" time="0.000" classname="com.KickOff.TestCases.HomePageTest">
    <skipped/>
  </testcase> <!-- NewCustomerDetailPage -->
  <testcase name="NewCustomerDetailPage" time="0.000" classname="com.KickOff.TestCases.HomePageTest">
    <skipped/>
  </testcase> <!-- NewCustomerDetailPage -->
  <testcase name="NewCustomerDetailPage" time="0.000" classname="com.KickOff.TestCases.HomePageTest">
    <skipped/>
  </testcase> <!-- NewCustomerDetailPage -->
  <testcase name="SetUp" time="88.341" classname="com.KickOff.TestCases.HomePageTest">
    <error type="org.openqa.selenium.WebDriverException" message="chrome not reachable
Build info: version: &#039;3.6.0&#039;, revision: &#039;6fbf3ec767&#039;, time: &#039;2017-09-27T15:28:36.4Z&#039;
System info: host: &#039;LAPTOP-V2REIEHL&#039;, ip: &#039;192.168.1.103&#039;, os.name: &#039;Windows 10&#039;, os.arch: &#039;amd64&#039;, os.version: &#039;10.0&#039;, java.version: &#039;1.8.0_181&#039;
Driver info: driver.version: ChromeDriver
remote stacktrace: Backtrace:
	Ordinal0 [0x00C5C013+2474003]
	Ordinal0 [0x00BF29C1+2042305]
	Ordinal0 [0x00B02E30+1060400]
	Ordinal0 [0x00AF7743+1013571]
	Ordinal0 [0x00B21282+1184386]
	Ordinal0 [0x00B1D600+1168896]
	Ordinal0 [0x00B1AA83+1157763]
	Ordinal0 [0x00B4A2A2+1352354]
	Ordinal0 [0x00B48FAA+1347498]
	Ordinal0 [0x00B466DB+1337051]
	Ordinal0 [0x00B23427+1192999]
	Ordinal0 [0x00B242EE+1196782]
	Ordinal0 [0x00B24279+1196665]
	GetHandleVerifier [0x00DE96FC+1590332]
	GetHandleVerifier [0x00E98614+2306900]
	GetHandleVerifier [0x00CE9E93+543699]
	GetHandleVerifier [0x00CE92CE+540686]
	Ordinal0 [0x00BF86BA+2066106]
	Ordinal0 [0x00BFD1C8+2085320]
	Ordinal0 [0x00BFD308+2085640]
	Ordinal0 [0x00C067F3+2123763]
	BaseThreadInitThunk [0x759BFA29+25]
	RtlGetAppContainerNamedObjectPath [0x77357A4E+286]
	RtlGetAppContainerNamedObjectPath [0x77357A1E+238]
">
      <![CDATA[org.openqa.selenium.WebDriverException: chrome not reachable
Build info: version: '3.6.0', revision: '6fbf3ec767', time: '2017-09-27T15:28:36.4Z'
System info: host: 'LAPTOP-V2REIEHL', ip: '192.168.1.103', os.name: 'Windows 10', os.arch: 'amd64', os.version: '10.0', java.version: '1.8.0_181'
Driver info: driver.version: ChromeDriver
remote stacktrace: Backtrace:
Ordinal0 [0x00C5C013+2474003]
Ordinal0 [0x00BF29C1+2042305]
Ordinal0 [0x00B02E30+1060400]
Ordinal0 [0x00AF7743+1013571]
Ordinal0 [0x00B21282+1184386]
Ordinal0 [0x00B1D600+1168896]
Ordinal0 [0x00B1AA83+1157763]
Ordinal0 [0x00B4A2A2+1352354]
Ordinal0 [0x00B48FAA+1347498]
Ordinal0 [0x00B466DB+1337051]
Ordinal0 [0x00B23427+1192999]
Ordinal0 [0x00B242EE+1196782]
Ordinal0 [0x00B24279+1196665]
GetHandleVerifier [0x00DE96FC+1590332]
GetHandleVerifier [0x00E98614+2306900]
GetHandleVerifier [0x00CE9E93+543699]
GetHandleVerifier [0x00CE92CE+540686]
Ordinal0 [0x00BF86BA+2066106]
Ordinal0 [0x00BFD1C8+2085320]
Ordinal0 [0x00BFD308+2085640]
Ordinal0 [0x00C067F3+2123763]
BaseThreadInitThunk [0x759BFA29+25]
RtlGetAppContainerNamedObjectPath [0x77357A4E+286]
RtlGetAppContainerNamedObjectPath [0x77357A1E+238]

at sun.reflect.NativeConstructorAccessorImpl.newInstance0(Native Method)
at sun.reflect.NativeConstructorAccessorImpl.newInstance(NativeConstructorAccessorImpl.java:62)
at sun.reflect.DelegatingConstructorAccessorImpl.newInstance(DelegatingConstructorAccessorImpl.java:45)
at java.lang.reflect.Constructor.newInstance(Constructor.java:423)
at org.openqa.selenium.remote.W3CHandshakeResponse.lambda$new$0(W3CHandshakeResponse.java:57)
at org.openqa.selenium.remote.W3CHandshakeResponse.lambda$getResponseFunction$2(W3CHandshakeResponse.java:104)
at org.openqa.selenium.remote.ProtocolHandshake.lambda$createSession$24(ProtocolHandshake.java:359)
at java.util.stream.ReferencePipeline$3$1.accept(ReferencePipeline.java:193)
at java.util.Spliterators$ArraySpliterator.tryAdvance(Spliterators.java:958)
at java.util.stream.ReferencePipeline.forEachWithCancel(ReferencePipeline.java:126)
at java.util.stream.AbstractPipeline.copyIntoWithCancel(AbstractPipeline.java:498)
at java.util.stream.AbstractPipeline.copyInto(AbstractPipeline.java:485)
at java.util.stream.AbstractPipeline.wrapAndCopyInto(AbstractPipeline.java:471)
at java.util.stream.FindOps$FindOp.evaluateSequential(FindOps.java:152)
at java.util.stream.AbstractPipeline.evaluate(AbstractPipeline.java:234)
at java.util.stream.ReferencePipeline.findFirst(ReferencePipeline.java:464)
at org.openqa.selenium.remote.ProtocolHandshake.createSession(ProtocolHandshake.java:362)
at org.openqa.selenium.remote.ProtocolHandshake.createSession(ProtocolHandshake.java:136)
at org.openqa.selenium.remote.HttpCommandExecutor.execute(HttpCommandExecutor.java:142)
at org.openqa.selenium.remote.service.DriverCommandExecutor.execute(DriverCommandExecutor.java:83)
at org.openqa.selenium.remote.RemoteWebDriver.execute(RemoteWebDriver.java:586)
at org.openqa.selenium.remote.RemoteWebDriver.startSession(RemoteWebDriver.java:217)
at org.openqa.selenium.remote.RemoteWebDriver.<init>(RemoteWebDriver.java:140)
at org.openqa.selenium.chrome.ChromeDriver.<init>(ChromeDriver.java:181)
at org.openqa.selenium.chrome.ChromeDriver.<init>(ChromeDriver.java:168)
at org.openqa.selenium.chrome.ChromeDriver.<init>(ChromeDriver.java:123)
at com.KickOff.MainBase.MainBaseClass.openBrowser(MainBaseClass.java:41)
at com.KickOff.TestCases.HomePageTest.SetUp(HomePageTest.java:23)
at sun.reflect.NativeMethodAccessorImpl.invoke0(Native Method)
at sun.reflect.NativeMethodAccessorImpl.invoke(NativeMethodAccessorImpl.java:62)
at sun.reflect.DelegatingMethodAccessorImpl.invoke(DelegatingMethodAccessorImpl.java:43)
at java.lang.reflect.Method.invoke(Method.java:498)
at org.testng.internal.MethodInvocationHelper.invokeMethod(MethodInvocationHelper.java:124)
at org.testng.internal.MethodInvocationHelper.invokeMethodConsideringTimeout(MethodInvocationHelper.java:59)
at org.testng.internal.Invoker.invokeConfigurationMethod(Invoker.java:458)
at org.testng.internal.Invoker.invokeConfigurations(Invoker.java:222)
at org.testng.internal.Invoker.invokeConfigurations(Invoker.java:142)
at org.testng.internal.TestMethodWorker.invokeBeforeClassMethods(TestMethodWorker.java:168)
at org.testng.internal.TestMethodWorker.run(TestMethodWorker.java:105)
at org.testng.TestRunner.privateRun(TestRunner.java:648)
at org.testng.TestRunner.run(TestRunner.java:505)
at org.testng.SuiteRunner.runTest(SuiteRunner.java:455)
at org.testng.SuiteRunner.runSequentially(SuiteRunner.java:450)
at org.testng.SuiteRunner.privateRun(SuiteRunner.java:415)
at org.testng.SuiteRunner.run(SuiteRunner.java:364)
at org.testng.SuiteRunnerWorker.runSuite(SuiteRunnerWorker.java:52)
at org.testng.SuiteRunnerWorker.run(SuiteRunnerWorker.java:84)
at org.testng.TestNG.runSuitesSequentially(TestNG.java:1208)
at org.testng.TestNG.runSuitesLocally(TestNG.java:1137)
at org.testng.TestNG.runSuites(TestNG.java:1049)
at org.testng.TestNG.run(TestNG.java:1017)
at org.testng.remote.AbstractRemoteTestNG.run(AbstractRemoteTestNG.java:115)
at org.testng.remote.RemoteTestNG.initAndRun(RemoteTestNG.java:251)
at org.testng.remote.RemoteTestNG.main(RemoteTestNG.java:77)
]]>
    </error>
  </testcase> <!-- SetUp -->
  <testcase name="NewCustomerDetailPage" time="0.000" classname="com.KickOff.TestCases.HomePageTest">
    <skipped/>
  </testcase> <!-- NewCustomerDetailPage -->
  <testcase name="NewCustomerDetailPage" time="0.000" classname="com.KickOff.TestCases.HomePageTest">
    <skipped/>
  </testcase> <!-- NewCustomerDetailPage -->
  <testcase name="NewCustomerDetailPage" time="0.000" classname="com.KickOff.TestCases.HomePageTest">
    <skipped/>
  </testcase> <!-- NewCustomerDetailPage -->
</testsuite> <!-- com.KickOff.TestCases.HomePageTest -->
